C51 COMPILER V9.53.0.0   HIB                                                               01/28/2020 11:28:55 PAGE 1   


C51 COMPILER V9.53.0.0, COMPILATION OF MODULE HIB
OBJECT MODULE PLACED IN .\HEX\HIB.obj
COMPILER INVOKED BY: C:\Keil_v5\C51\BIN\C51.EXE Platform\hal\HIB.c LARGE OPTIMIZE(9,SIZE) BROWSE INCDIR(.\Platform\Inclu
                    -de\;.\Platform\hal\;.\Sample\Include\;.\Sample\Utility\;.\Sample\EVB) DEFINE(__DEBUG,__INTERNAL_MODE) PRINT(.\LST\HIB.ls
                    -t) TABS(2) OBJECT(.\HEX\HIB.obj)

line level    source

   1          
   2          /*******************************************************************************
   3            - Chip    : MG2470B
   4            - Vendor    : RadioPulse Inc, 2012.
   5            - Date    : 2012-04-25
   6            - Version   : V2.0
   7          
   8            [2012-04-25] V2.0
   9            - Initial Version for MG2470B(ChipID=0x71)
  10          *******************************************************************************/
  11          
  12          #include "INCLUDE_MG2470.h"
  13          #include "hib.h"
  14          
  15          ///////////////////////////////////////////////////////////////////////////////////////////////
  16          /// 
  17          ///   Global variable which indicates code memory for HIB(Hardware Information Base)
  18          /// Because this is synchronized with RadioPulse's Device Programmer, the start address, 0x1000, should no
             -t
  19          /// be changed.
  20          /// If HIB is not needed, this may be removed.
  21          /// 
  22          ///////////////////////////////////////////////////////////////////////////////////////////////
  23          UINT8 code  gcHIB_FLASH[512] _at_ HIB_ADDRESS;      // 512Bytes aligned
  24          
  25          ///////////////////////////////////////////////////////////////////////////////////////////////
  26          /// 
  27          ///   Copies HIB(Hardware Information Base) from code memory whose address is from 0x1000 to 0x103F.
  28          /// Refer to "tHW_INFORMATION" for structure of HIB.
  29          ///
  30          /// @param  pu8Buff : 0=Disable, 1=Enable.
  31          /// @return UINT8. Status. 0=HIB is not valid, 1=HIB is valid.
  32          /// @note HIB is valid only if it is written by RadioPulse's Device Programmer when the binary is programm
             -ed.
  33          /// 
  34          ///////////////////////////////////////////////////////////////////////////////////////////////
  35          UINT8 SYS_HIBCopy(UINT8* pu8Buff)
  36          {
  37   1        UINT8 ib;
  38   1        UINT8 code * pc8CodeAddr;
  39   1        UINT8 u8Sum;
  40   1      
  41   1        pc8CodeAddr = HIB_ADDRESS;
  42   1        u8Sum = 0;
  43   1        for(ib=0 ; ib<HIB_LENGTH ; ib++)
  44   1        {
  45   2          u8Sum += pc8CodeAddr[ib];
  46   2          pu8Buff[ib] = pc8CodeAddr[ib];
  47   2        }
  48   1      
  49   1        if(u8Sum == 0)
  50   1        {
  51   2          return  1;
C51 COMPILER V9.53.0.0   HIB                                                               01/28/2020 11:28:55 PAGE 2   

  52   2        }
  53   1        else
  54   1        {
  55   2          return  0;  
  56   2        }
  57   1      }
  58          
  59          


MODULE INFORMATION:   STATIC OVERLAYABLE
   CODE SIZE        =     65    ----
   CONSTANT SIZE    =   ----    ----
   XDATA SIZE       =   ----       4
   PDATA SIZE       =   ----    ----
   DATA SIZE        =   ----    ----
   IDATA SIZE       =   ----    ----
   BIT SIZE         =   ----    ----
END OF MODULE INFORMATION.


C51 COMPILATION COMPLETE.  0 WARNING(S),  0 ERROR(S)
