C51 COMPILER V9.53.0.0   IB_TEMP_SEN                                                       01/28/2020 11:28:58 PAGE 1   


C51 COMPILER V9.53.0.0, COMPILATION OF MODULE IB_TEMP_SEN
OBJECT MODULE PLACED IN .\HEX\ib_temp_sen.obj
COMPILER INVOKED BY: C:\Keil_v5\C51\BIN\C51.EXE Sample\EVB\ib_temp_sen.c LARGE OPTIMIZE(9,SIZE) BROWSE INCDIR(.\Platform
                    -\Include\;.\Platform\hal\;.\Sample\Include\;.\Sample\Utility\;.\Sample\EVB) DEFINE(__DEBUG,__INTERNAL_MODE) PRINT(.\LST\
                    -ib_temp_sen.lst) TABS(2) OBJECT(.\HEX\ib_temp_sen.obj)

line level    source

   1          
   2          /*******************************************************************************
   3            - Chip    : MG2470B 
   4            - Vendor    : RadioPulse Inc, 2011. 
   5            - Date    : 2017-12-12
   6            - Version   : V2.6
   7          
   8            - File      : ib_temp_sen.c    
   9          *******************************************************************************/
  10          
  11          
  12          #include "ib_main_sen.h"
  13          #include "ib_temp_sen.h"
  14          
  15          #include <stdio.h>
  16          
  17          
  18          // 배열수 17개 맞출것... Flash Memory Address를 맞추기 위해..
  19          #define THERM_TABLE_COUNT 17
  20          
  21          #if (TEMP_SEN_MODE == THERM_SEN)
  22          // 0 ~ 80도, 5도 간격 : 17개, NT Thermister Temperator Table .. Kong.sh
  23          // ADC, adc / slope, 1 / slope
  24          #if 1
  25          // 1.8V REF VOLTAGE
  26          const tTempTable gtTempTable[THERM_TABLE_COUNT] = { 
  27            { 14270, 1285.6, 0.0901 },  // -40
  28            { 14159, 1264.2, 0.0893 },  // -30
  29            { 14047, 705.9 , 0.0503 },  // -20 
  30            { 13848, 491.1 , 0.0355 },  // -10
  31            { 13566, 303.5 , 0.0224 },  // 0
  32            { 13119, 208.6 , 0.0159 },  // 10
  33            { 12490, 150.7 , 0.0121 },  // 20 
  34            { 11661, 111.8 , 0.0096 },  // 30
  35            { 10618, 89.0  , 0.0084 },  // 40
  36            { 9425 , 72.0  , 0.0076 },  // 50
  37            { 8116 , 62.8  , 0.0077 },  // 60
  38            { 6824 , 54.9  , 0.0081 },  // 70
  39            { 5582 , 50.7  , 0.0091 },  // 80
  40            { 4480 , 47.1  , 0.0105 },  // 90
  41            { 3528 , 45.3  , 0.0128 },  // 100
  42            { 2749 , 42.8  , 0.0156 },  // 110
  43            { 2107 , 10.0  , 0.0047 },  // 120
  44          };
  45          #else
              // 3.3V REF VOLTAGE
              const tTempTable gtTempTable[THERM_TABLE_COUNT] = { 
                { 11552,  73.0, 0.0063 },   // 0
                { 10761,  62.7, 0.0058 },   // 5
                { 9903,   54.8, 0.0055 },   // 10 
                { 8999,   48.6, 0.0054 },   // 15
                { 8073,   43.7, 0.0054 },   // 20
                { 7149,   39.8, 0.0056 },   // 25
C51 COMPILER V9.53.0.0   IB_TEMP_SEN                                                       01/28/2020 11:28:58 PAGE 2   

                { 6251,   36.6, 0.0059 },   // 30
                { 5398,   34.0, 0.0063 },   // 35
                { 4605,   31.8, 0.0069 },   // 40
                { 3880,   29.6, 0.0076 },   // 45
                { 3225,   28.0, 0.0087 },   // 50
                { 2650,   26.1, 0.0099 },   // 55
                { 2143,   24.2, 0.0113 },   // 60
                { 1701,   22.3, 0.0131 },   // 65
                { 1319,   20.1, 0.0152 },   // 70
                { 990,    17.5, 0.0177 },   // 75
                { 708,    14.7, 0.0207 },   // 80  
              };
              #endif
  67          #endif
  68          
  69          float     Real_TempValue=0;     
  70          INT16   u16TempOffset = 0;      // 온도 보정 데이블 보정 위한 값 : adc 값을 그대로 보정 
  71          INT16     TempData=0;       
  72          
  73          // 접촉식 센서  
  74          INT32   u32TempSum = 0;
  75          UINT8     u8TempAvgCount = 0;
  76          
  77          // IR sensor
  78          INT16     i16ReadTemp;
  79          UINT8     u8TempSenErrCount = 0;
  80          
  81          
  82          tAVERGAE_DATA gtTempAvg;    // temperature average
  83          
  84          
  85          //----------------------------------------------------------------------------------------------
  86          void TempSensor_Init(void)
  87          {
  88   1        
  89   1        #if (TEMP_SEN_MODE == INT_SEN)
                onewire_reset();
                #endif
  92   1        
  93   1            AvgBufferInit(AVG_TEMP_BUFF_SIZE, &gtTempAvg );
  94   1      
  95   1        //----------------------------------------------------------------------------------------
  96   1        // IR Temp sensor
  97   1          #if 0   // IR Sen TMP007
                TMP007_Init();
                #endif
 100   1        //----------------------------------------------------------------------------------------
 101   1      
 102   1      }
 103          
 104          //------------------------------------------------------------------------------------------------
 105          
 106          
 107          #if (TEMP_SEN_MODE == INT_SEN)
              
              void onewire_reset()  // OK if just using a single permanently connected device 
              { 
                UINT8 loop_count =0;
                
                HAL_Gpio3InOutSet(0, GPIO_OUTPUT, GPIO_DRIVE_4mA); 
                GP30 = 0;//output_low(ONE_WIRE_PIN); 
                
C51 COMPILER V9.53.0.0   IB_TEMP_SEN                                                       01/28/2020 11:28:58 PAGE 3   

                //AppLib_DelayFor500us();
                AppLib_DelayFor100us();AppLib_DelayFor100us();AppLib_DelayFor100us();AppLib_DelayFor100us();
                AppLib_DelayFor50us();
                
              //  HAL_Gpio3InOutSet(0, GPIO_OUTPUT, GPIO_DRIVE_4mA);
                GP30 = 1;//output_float(ONE_WIRE_PIN); // float 1-wire high 
                
                HAL_Gpio3InOutSet(0, GPIO_INPUT, GPIO_DRIVE_4mA );
                AppLib_DelayFor50us();AppLib_DelayFor10us();
              
                while(!GP30) {
                   if (loop_count++ >= 2) break;
                  AppLib_DelayFor10us();
                  
                // 100us delay 모두 제거 해도 loop count = 1  
                //AppLib_DelayFor100us();AppLib_DelayFor100us();AppLib_DelayFor100us();AppLib_DelayFor100us();
                }
                
              }
              
              
              unsigned char read_bit (void) 
              {
                HAL_Gpio3InOutSet(0, GPIO_OUTPUT, GPIO_DRIVE_4mA);
                GP30 = 0;//output_low(ONE_WIRE_PIN); 
                
                    AppLib_DelayFor1us();//delay_us (1);
                
                HAL_Gpio3InOutSet(0, GPIO_INPUT, GPIO_DRIVE_4mA );//GPIO_HIGH_IMPEDANCE   GPIO_DRIVE_4mA
                AppLib_DelayFor2us();
                AppLib_DelayFor2us();
                AppLib_DelayFor1us();
                
                    if (!GP30)       //Abtastung innerhalb von 15탎
                        return 0;
                    else
                        return 1;
                  
              }
              
              
              void write_bit (unsigned char bitval) 
              {    
                HAL_Gpio3InOutSet(0, GPIO_OUTPUT, GPIO_DRIVE_4mA); 
                GP30 = 0;
                AppLib_DelayFor10us();  
              
                    if (bitval)   GP30 = 1;     
                AppLib_DelayFor50us();  
                      
                HAL_Gpio3InOutSet(0, GPIO_OUTPUT, GPIO_DRIVE_4mA);
                GP30 = 1;      
              
              }
              
              
              unsigned char read_byte (void) 
              {
                unsigned char byte = 0;
                UINT8 i;  
                    for (i=0; i<8; i++) 
                {
C51 COMPILER V9.53.0.0   IB_TEMP_SEN                                                       01/28/2020 11:28:58 PAGE 4   

                        if (read_bit ())
                  {
                              byte |= (1<<i);
                  }
                  AppLib_DelayFor2us();
                  AppLib_DelayFor2us(); 
                  AppLib_DelayFor2us(); 
                    }
                  return byte;
              }
              
              
              void write_byte (unsigned char byte) 
              {
                    UINT8 i;  
                    
                    for (i=0; i<8; i++) 
                {
                        if (byte & (1<<i))
                          write_bit (1);
                        else
                            write_bit (0);
              
                      //temp = byte >> i;     // shifts val right 'i' spaces 
                      //temp &= 0x01;           // copy that bit to temp 
                      //DS1820_WriteBit(temp);  // write bit in temp into       
                }
                AppLib_DelayFor2us(); 
                AppLib_DelayFor2us(); 
                AppLib_DelayFor1us();   
                // AppLib_DelayFor100us();  
                // AppLib_DelayFor10us();
                // AppLib_DelayFor10us();
              } 
              
              
              void wait_ready (void) 
              {
                while (!(read_bit ()));
              }
              
              
              
              void Temp_dataout(void)
              {
                UINT8 i=0;
                UINT8   Temp1=0, Temp2=0;
                UINT8   TempSensor_getData[9];
              
                onewire_reset();
                AppLib_DelayFor500us();
                AppLib_DelayFor500us(); 
                                                      
                write_byte(0xCC);
                write_byte(0x44);
                
                onewire_reset();                          
                AppLib_DelayFor500us();
                AppLib_DelayFor500us();
              
              
                write_byte(0xCC);
C51 COMPILER V9.53.0.0   IB_TEMP_SEN                                                       01/28/2020 11:28:58 PAGE 5   

                write_byte(0xBE);
              
                for(i=0; i<2; i++)
                {
                  TempSensor_getData[i]=0;          
                } 
                          
                for(i=0; i<2; i++)
                {
                  TempSensor_getData[i]=read_byte();  
                  AppLib_Delay(5);        
                }
                Temp1=TempSensor_getData[0];
                Temp2=TempSensor_getData[1];
              
                i16ReadTemp =Temp1;
                i16ReadTemp |=(Temp2<<8);
              
                // 외부 루틴에서 체크 하도록 이동 
                // 온도 센서 값에 대한 오류 처리 : 이전 값을 사용 하도록 :   -20 <   Temp  < 120 
                //if ((i16ReadTemp > (INT16)0x00F0) || (i16ReadTemp < (INT16)0xFFD8))     // 0x00F0 = 120도, 0xFFD8=-20도
             -,    920xFF92 = -55도 
                //  i16ReadTemp = TempData;             // 이전 평균 온도 센서 값을 사용 
              
              }
              
              #endif
 266          
 267          //------------------------------------------------------------------------------------------------
 268          
 269          void ReadTempSensor(void)
 270          {
 271   1        GetSensor_TempData();           
 272   1        CalcTemperature();
 273   1          
 274   1      }
 275          
 276          #if (TEMP_SEN_MODE == THERM_SEN)
 277          
 278          /***************************************************/
 279          /* NTC THERMISTOR                                  */
 280          /***************************************************/
 281          void GetSensor_TempData(void)
 282          {
 283   1        extern INT16  ADC_DataBuff[2];
 284   1      
 285   1        #if _EPAS_MODE
 286   1        NTC_CONNECT = 1;
 287   1        SYS_AdcSet(ENABLE, 0, ADC_CHAN_3);        // adc channel 을 원상 복귀  
 288   1        //AppLib_DelayFor50us();
 289   1        #endif
 290   1      
 291   1        // 고정 vcc,gnd 값을 사용 하는 SYS_AdcCalibGet() 이 좀 더 흔들림이  적게 발생   
 292   1        SYS_AdcCalibGet(14, &ADC_DataBuff);       // calibration 된 adc data를 read  : gi16ADC_VCC 값 사용
 293   1        u32TempSum += (UINT32)ADC_DataBuff[0];
 294   1        u8TempAvgCount++;
 295   1      
 296   1        #if _UARTDEBUG_MODE
                zPrintf(1,"Temp Adc %u %u\n",(short)ADC_DataBuff[1],(short)ADC_DataBuff[0]);
                #endif
 299   1        
 300   1        SYS_AdcSet(ENABLE, 0, ADC_CHAN_0);        // adc channel 을 원상 복귀  
C51 COMPILER V9.53.0.0   IB_TEMP_SEN                                                       01/28/2020 11:28:58 PAGE 6   

 301   1      
 302   1        #if _EPAS_MODE
 303   1        NTC_CONNECT = 0;
 304   1        #endif
 305   1      }
 306          
 307          void TempConvert(void)
 308          {
 309   1        UINT8   u8i;
 310   1        float   ftemp;
 311   1        
 312   1        i16ReadTemp += u16TempOffset;         // 오차 보정 위한 offset  : ADC 값을 그대로 적용 (현재 온도에 맞는 adc 
             -값을 0.1도 1도 단위로 수정 )
 313   1        
 314   1        for( u8i = 0; u8i < THERM_TABLE_COUNT;  u8i++) {
 315   2          if (gtTempTable[u8i].u8TempAdc < i16ReadTemp) break;
 316   2        } 
 317   1          
 318   1        if (u8i > 0) u8i -= 1;  
 319   1        ftemp = gtTempTable[u8i].fTempSlope2 * i16ReadTemp;
 320   1        ftemp = gtTempTable[u8i].fTempSlope1 - ftemp;
 321   1        ftemp += (u8i * TEMP_LEVEL + START_TEMP_LEVEL);
 322   1        i16ReadTemp = (INT16)(ftemp*2);         // scaled x 10을 -> scaled  x 2  로 변경 전송 (0.5도 단위 온도 데이타
             -)
 323   1      
 324   1      } 
 325          
 326          
 327          // packet 전송시는 TempData 값을 전송 
 328          void CalcTemperature(void)
 329          {
 330   1      
 331   1        i16ReadTemp = (UINT32)u32TempSum / u8TempAvgCount;  
 332   1        #if _UARTDEBUG_MODE
                zPrintf(1,"Temp ADC AVG : %u\n",(short)i16ReadTemp);
                #endif
 335   1      
 336   1        TempConvert();                // adc 데이타를 실제 온도 값으로 계산 
 337   1      
 338   1        #if _EPAS_MODE
 339   1          TempData = i16ReadTemp;
 340   1          #if _UARTDEBUG_MODE
                  Real_TempValue=(float)TempData/ 2 ;       
                  zPrintf(1,"real Temp : %3.1f\n",(float)Real_TempValue);
                  #endif
 344   1        #else
                  MovingAverage(i16ReadTemp, &gtTempAvg );    // 한번더 평균을 구함 => 송신 주기 에 한번씩 평균,  4회 평균시
             - 4번의 송신이 이루어져야 정상 평균값
                  TempData = (INT16)gtTempAvg.fAverage; 
                  Real_TempValue=(float)TempData / 2 ;        
                #endif
 349   1      
 350   1        u8TempAvgCount = 0; 
 351   1        u32TempSum = 0;
 352   1      } 
 353          
 354          #elif (TEMP_SEN_MODE == INT_SEN)
              
              //UINT8 TestCount = 0;
              UINT8 TempErrResetCount = 0;
              
              
C51 COMPILER V9.53.0.0   IB_TEMP_SEN                                                       01/28/2020 11:28:58 PAGE 7   

              // 초기 온도 센서 이상값 읽어 오는 부분을 처리 하기 위한  코드 : 한번 읽어 쓰레기 데이타를 버림 
              void InitGetSensor_TempData(void)
              {
              
                // read temp sensor data  
                HAL_SystemIntSet(DISABLE);      // EA=0 
                //Temperature detect//
                Temp_dataout();         // read temp data
                HAL_SystemIntSet(ENABLE);     // EA=1 
                i16ReadTemp = 0;          
                TempErrResetCount = 0;      
              
              }
              
              
              
              /***************************************************/
              /* Digital Thermometer ( 1회 18msec 소요 )         */
              /***************************************************/
              void GetSensor_TempData(void)
              {
              
                // read temp sensor data  
                HAL_SystemIntSet(DISABLE);      // EA=0 
                //Temperature detect//
                Temp_dataout();         // read temp data
                HAL_SystemIntSet(ENABLE);     // EA=1 
              
                if ((i16ReadTemp > (INT16)TEMP_HIGH_ERROR) || (i16ReadTemp < (INT16)TEMP_LOW_ERROR))  {   // 100도, -20도
                  i16ReadTemp = TempData;   // 이전 평균 온도 센서 값을 사용 
                  if (TempErrResetCount++ > TEMP_ERROR_COUNT) {
                    // Temperature Init   
                    onewire_reset();
                    TempErrResetCount = 0;
                    //zPrintf(1, "\r Reset TempErrResetCount !!!");
                  } 
                }
                else
                  TempErrResetCount = 0;      // 연속으로 발생시 reset 하도록 
              
              }
              
              
              // packet 전송시는 TempData 값을 전송 
              void CalcTemperature(void)
              {
                
                #if 0   // 평균 없이 그대로 전송 
                
                // 온도값이 음수인 경우는 평균을 취하지 않도록 변경  
                if (i16ReadTemp >= (INT16)0 ) 
                  MovingAverage(i16ReadTemp, &gtTempAvg );      // 한번더 평균을 구함 => 송신 주기 에 한번씩 평균,  4회 평균
             - 4번의 송신이 이루어져야 정상 평균값 
                else {
                  // 음수일 경우 평균 루틴의 변수를 초기화 시켜 양수 일때 정상적으로 동작 하도록 
                  gtTempAvg.fAverage = (float)i16ReadTemp;        // 평균 없이 그대로 사용
                  gtTempAvg.u8AvgInitFlag  = 0;
                } 
              
                TempData = (UINT16)gtTempAvg.fAverage;  
                #else
                
C51 COMPILER V9.53.0.0   IB_TEMP_SEN                                                       01/28/2020 11:28:58 PAGE 8   

                TempData = i16ReadTemp;
                
                #endif 
                
                
                Real_TempValue=(float)TempData / 2 ;      
              
                u8TempAvgCount = 0; 
                u32TempSum = 0;
                  
              }
              
              #else
              
              /***************************************************/
              /* IR Thermometer (하동 변압기에만 적용)           */
              /***************************************************/
              void GetSensor_TempData(void)
              {
                // 동해 : 평균 방법 변경  
                CalcTemperature();
                  
                if (u8TempSenErrCount > TEMP_COMM_ERROR_COUNT) {
                  TempData = 0xFF92;    // 5초 동안 read data 가 없으면 오류 온도 표시 
                  u8TempSenErrCount = 0;
                }
              } 
              
              
              // packet 전송시는 TempData 값을 전송 
              void CalcTemperature(void)
              {
                //TempData = u32TempSum >> 1;           // 2회 평균 : 1초 
                Real_TempValue = ((float)gtTempAvg.fAverage - 1000)/10;
                TempData=Real_TempValue * 2;            // 내장 온도 센서와 같은 단위 값으로 변경  
              
                u8TempAvgCount = 0; 
                u32TempSum = 0;
                  
              }
              
              #endif
 463          
 464          


MODULE INFORMATION:   STATIC OVERLAYABLE
   CODE SIZE        =    375    ----
   CONSTANT SIZE    =   ----    ----
   XDATA SIZE       =    195       5
   PDATA SIZE       =   ----    ----
   DATA SIZE        =   ----    ----
   IDATA SIZE       =   ----    ----
   BIT SIZE         =   ----    ----
END OF MODULE INFORMATION.


C51 COMPILATION COMPLETE.  0 WARNING(S),  0 ERROR(S)
